2025-09-16T00:28:44+00:00 DEBUG #4077 - [New Request] GET /
2025-09-16T00:28:44+00:00 DEBUG #4077 - POST https://api-m.paypal.com/v1/oauth2/token?grant_type=client_credentials
Response Debug ID: 57d497083294d
Response: Array
(
    [code] => 200
    [message] => OK
)

2025-09-16T00:28:45+00:00 DEBUG #4077 - GET https://api-m.paypal.com/v1/customer/partners/K8SKZ36LQBWXJ/merchant-integrations/4VTWFBLQVPGEJ
Response Debug ID: 560c0b6b47e53
Response: Array
(
    [code] => 200
    [message] => OK
)

2025-09-16T03:50:03+00:00 DEBUG #8673 - [New Request] GET /
2025-09-16T03:50:03+00:00 DEBUG #8673 - GET https://api-m.paypal.com/v1/customer/partners/K8SKZ36LQBWXJ/merchant-integrations/4VTWFBLQVPGEJ
Response Debug ID: ceb52184c656e
Response: Array
(
    [code] => 200
    [message] => OK
)

2025-09-16T07:14:35+00:00 DEBUG #3434 - [New Request] GET /robots.txt
2025-09-16T07:14:35+00:00 DEBUG #3434 - GET https://api-m.paypal.com/v1/customer/partners/K8SKZ36LQBWXJ/merchant-integrations/4VTWFBLQVPGEJ
Response Debug ID: 951d85fe22ad5
Response: Array
(
    [code] => 200
    [message] => OK
)

2025-09-16T10:20:00+00:00 DEBUG #2277 - [New Request] GET /
2025-09-16T10:20:00+00:00 DEBUG #2277 - POST https://api-m.paypal.com/v1/oauth2/token?grant_type=client_credentials
Response Debug ID: 5e1d2f83bda44
Response: Array
(
    [code] => 200
    [message] => OK
)

2025-09-16T10:20:00+00:00 DEBUG #2277 - GET https://api-m.paypal.com/v1/customer/partners/K8SKZ36LQBWXJ/merchant-integrations/4VTWFBLQVPGEJ
Response Debug ID: eae794c2b3332
Response: Array
(
    [code] => 200
    [message] => OK
)

2025-09-16T15:08:20+00:00 DEBUG #9820 - [New Request] GET /robots.txt
2025-09-16T15:08:20+00:00 DEBUG #9820 - GET https://api-m.paypal.com/v1/customer/partners/K8SKZ36LQBWXJ/merchant-integrations/4VTWFBLQVPGEJ
Response Debug ID: 792f957d7403b
Response: Array
(
    [code] => 200
    [message] => OK
)

2025-09-16T19:51:09+00:00 DEBUG #9129 - [New Request] POST /xmlrpc.php
2025-09-16T19:51:09+00:00 DEBUG #9129 - POST https://api-m.paypal.com/v1/oauth2/token?grant_type=client_credentials
Response Debug ID: 7363c1438d0df
Response: Array
(
    [code] => 200
    [message] => OK
)

2025-09-16T19:51:09+00:00 DEBUG #9129 - GET https://api-m.paypal.com/v1/customer/partners/K8SKZ36LQBWXJ/merchant-integrations/4VTWFBLQVPGEJ
Response Debug ID: 1370757ee6ffa
Response: Array
(
    [code] => 200
    [message] => OK
)

