2025-09-20T01:01:13+00:00 DEBUG #1203 - [New Request] GET /
2025-09-20T01:01:13+00:00 DEBUG #1203 - GET https://api-m.paypal.com/v1/customer/partners/K8SKZ36LQBWXJ/merchant-integrations/4VTWFBLQVPGEJ
Response Debug ID: df81f5e1a2166
Response: Array
(
    [code] => 200
    [message] => OK
)

2025-09-20T02:26:44+00:00 DEBUG #1457 - [New Request] GET /wp-sitemap.xml
2025-09-20T02:26:44+00:00 DEBUG #1457 - POST https://api-m.paypal.com/v1/oauth2/token?grant_type=client_credentials
Response Debug ID: 1b3b89b95f0cd
Response: Array
(
    [code] => 200
    [message] => OK
)

2025-09-20T02:26:44+00:00 DEBUG #1457 - GET https://api-m.paypal.com/v1/customer/partners/K8SKZ36LQBWXJ/merchant-integrations/4VTWFBLQVPGEJ
Response Debug ID: d8f6060132c06
Response: Array
(
    [code] => 200
    [message] => OK
)

2025-09-20T05:45:40+00:00 DEBUG #8125 - [New Request] GET /
2025-09-20T05:45:40+00:00 DEBUG #8125 - GET https://api-m.paypal.com/v1/customer/partners/K8SKZ36LQBWXJ/merchant-integrations/4VTWFBLQVPGEJ
Response Debug ID: 560086a01e022
Response: Array
(
    [code] => 200
    [message] => OK
)

2025-09-20T07:18:10+00:00 DEBUG #6398 - [New Request] GET /wp-json/oembed/1.0/embed
2025-09-20T07:18:10+00:00 DEBUG #6398 - GET https://api-m.paypal.com/v1/customer/partners/K8SKZ36LQBWXJ/merchant-integrations/4VTWFBLQVPGEJ
Response Debug ID: de079c825d33a
Response: Array
(
    [code] => 200
    [message] => OK
)

2025-09-20T09:15:12+00:00 DEBUG #6790 - [New Request] GET /robots.txt
2025-09-20T09:15:12+00:00 DEBUG #6790 - GET https://api-m.paypal.com/v1/customer/partners/K8SKZ36LQBWXJ/merchant-integrations/4VTWFBLQVPGEJ
Response Debug ID: ace77d2890a18
Response: Array
(
    [code] => 200
    [message] => OK
)

2025-09-20T12:34:38+00:00 DEBUG #6580 - [New Request] POST /wp-cron.php
2025-09-20T12:34:38+00:00 DEBUG #6580 - POST https://api-m.paypal.com/v1/oauth2/token?grant_type=client_credentials
Response Debug ID: 1d4ea7a500c8a
Response: Array
(
    [code] => 200
    [message] => OK
)

2025-09-20T12:34:38+00:00 DEBUG #6580 - GET https://api-m.paypal.com/v1/customer/partners/K8SKZ36LQBWXJ/merchant-integrations/4VTWFBLQVPGEJ
Response Debug ID: fd147e9eeba2a
Response: Array
(
    [code] => 200
    [message] => OK
)

2025-09-20T16:16:23+00:00 DEBUG #6873 - [New Request] GET /index.html
2025-09-20T16:16:23+00:00 DEBUG #6873 - GET https://api-m.paypal.com/v1/customer/partners/K8SKZ36LQBWXJ/merchant-integrations/4VTWFBLQVPGEJ
Response Debug ID: 386cb22170eef
Response: Array
(
    [code] => 200
    [message] => OK
)

2025-09-20T16:20:25+00:00 DEBUG #8241 - [New Request] GET /wp-json/wp/v2/categories/1
2025-09-20T16:20:25+00:00 DEBUG #8241 - GET https://api-m.paypal.com/v1/customer/partners/K8SKZ36LQBWXJ/merchant-integrations/4VTWFBLQVPGEJ
Response Debug ID: 89d6e3fa650fa
Response: Array
(
    [code] => 200
    [message] => OK
)

2025-09-20T19:21:10+00:00 DEBUG #6980 - [New Request] GET /category/uncategorized
2025-09-20T19:21:10+00:00 DEBUG #6980 - GET https://api-m.paypal.com/v1/customer/partners/K8SKZ36LQBWXJ/merchant-integrations/4VTWFBLQVPGEJ
Response Debug ID: 8a225d753cb92
Response: Array
(
    [code] => 200
    [message] => OK
)

2025-09-20T23:18:22+00:00 DEBUG #9136 - [New Request] GET /hello-world/
2025-09-20T23:18:22+00:00 DEBUG #9136 - POST https://api-m.paypal.com/v1/oauth2/token?grant_type=client_credentials
Response Debug ID: 3274fa4572453
Response: Array
(
    [code] => 200
    [message] => OK
)

2025-09-20T23:18:23+00:00 DEBUG #9136 - GET https://api-m.paypal.com/v1/customer/partners/K8SKZ36LQBWXJ/merchant-integrations/4VTWFBLQVPGEJ
Response Debug ID: 4334cf27502cd
Response: Array
(
    [code] => 200
    [message] => OK
)

