2025-09-18T01:07:13+00:00 DEBUG #7636 - [New Request] GET /robots.txt
2025-09-18T01:07:13+00:00 DEBUG #7636 - GET https://api-m.paypal.com/v1/customer/partners/K8SKZ36LQBWXJ/merchant-integrations/4VTWFBLQVPGEJ
Response Debug ID: 562881f4d5b1a
Response: Array
(
    [code] => 200
    [message] => OK
)

2025-09-18T05:28:48+00:00 DEBUG #2214 - [New Request] GET /product-category/uncategorized/
2025-09-18T05:28:48+00:00 DEBUG #2214 - GET https://api-m.paypal.com/v1/customer/partners/K8SKZ36LQBWXJ/merchant-integrations/4VTWFBLQVPGEJ
Response Debug ID: dc2de01d18508
Response: Array
(
    [code] => 200
    [message] => OK
)

2025-09-18T08:50:31+00:00 DEBUG #3202 - [New Request] GET /
2025-09-18T08:50:31+00:00 DEBUG #3202 - POST https://api-m.paypal.com/v1/oauth2/token?grant_type=client_credentials
Response Debug ID: 63a024495068a
Response: Array
(
    [code] => 200
    [message] => OK
)

2025-09-18T08:50:31+00:00 DEBUG #3202 - GET https://api-m.paypal.com/v1/customer/partners/K8SKZ36LQBWXJ/merchant-integrations/4VTWFBLQVPGEJ
Response Debug ID: d3d3911b13f36
Response: Array
(
    [code] => 200
    [message] => OK
)

2025-09-18T12:20:55+00:00 DEBUG #6167 - [New Request] GET /robots.txt
2025-09-18T12:20:55+00:00 DEBUG #6167 - GET https://api-m.paypal.com/v1/customer/partners/K8SKZ36LQBWXJ/merchant-integrations/4VTWFBLQVPGEJ
Response Debug ID: 94d4e1dcaa60c
Response: Array
(
    [code] => 200
    [message] => OK
)

2025-09-18T15:33:53+00:00 DEBUG #1728 - [New Request] GET /
2025-09-18T15:33:53+00:00 DEBUG #1728 - GET https://api-m.paypal.com/v1/customer/partners/K8SKZ36LQBWXJ/merchant-integrations/4VTWFBLQVPGEJ
Response Debug ID: 82c3b1e12e7a4
Response: Array
(
    [code] => 200
    [message] => OK
)

2025-09-18T20:24:27+00:00 DEBUG #8212 - [New Request] GET /robots.txt
2025-09-18T20:24:27+00:00 DEBUG #8212 - POST https://api-m.paypal.com/v1/oauth2/token?grant_type=client_credentials
Response Debug ID: 1875a1817cbf7
Response: Array
(
    [code] => 200
    [message] => OK
)

2025-09-18T20:24:27+00:00 DEBUG #8212 - GET https://api-m.paypal.com/v1/customer/partners/K8SKZ36LQBWXJ/merchant-integrations/4VTWFBLQVPGEJ
Response Debug ID: 373fa2838fe11
Response: Array
(
    [code] => 200
    [message] => OK
)

2025-09-18T23:32:20+00:00 DEBUG #1100 - [New Request] POST /wp-cron.php
2025-09-18T23:32:20+00:00 DEBUG #1100 - GET https://api-m.paypal.com/v1/customer/partners/K8SKZ36LQBWXJ/merchant-integrations/4VTWFBLQVPGEJ
Response Debug ID: e1852964bcade
Response: Array
(
    [code] => 200
    [message] => OK
)

2025-09-18T23:32:20+00:00 DEBUG #3440 - [New Request] GET 
2025-09-18T23:32:20+00:00 DEBUG #3440 - GET https://api-m.paypal.com/v1/customer/partners/K8SKZ36LQBWXJ/merchant-integrations/4VTWFBLQVPGEJ
Response Debug ID: 820c023f33bfb
Response: Array
(
    [code] => 200
    [message] => OK
)

2025-09-18T23:32:21+00:00 DEBUG #3440 - GET https://api-m.paypal.com/v1/customer/partners/K8SKZ36LQBWXJ/merchant-integrations/4VTWFBLQVPGEJ
Response Debug ID: 4001b199ec28b
Response: Array
(
    [code] => 200
    [message] => OK
)

