2025-09-17T00:54:26+00:00 DEBUG #3874 - [New Request] GET /robots.txt
2025-09-17T00:54:26+00:00 DEBUG #3874 - GET https://api-m.paypal.com/v1/customer/partners/K8SKZ36LQBWXJ/merchant-integrations/4VTWFBLQVPGEJ
Response Debug ID: 0212ca86b035a
Response: Array
(
    [code] => 200
    [message] => OK
)

2025-09-17T04:04:09+00:00 DEBUG #8791 - [New Request] GET /
2025-09-17T04:04:09+00:00 DEBUG #8791 - GET https://api-m.paypal.com/v1/customer/partners/K8SKZ36LQBWXJ/merchant-integrations/4VTWFBLQVPGEJ
Response Debug ID: 9545420ac8bfa
Response: Array
(
    [code] => 200
    [message] => OK
)

2025-09-17T11:27:36+00:00 DEBUG #6409 - [New Request] GET /robots.txt
2025-09-17T11:27:36+00:00 DEBUG #6409 - POST https://api-m.paypal.com/v1/oauth2/token?grant_type=client_credentials
Response Debug ID: b30eb02414786
Response: Array
(
    [code] => 200
    [message] => OK
)

2025-09-17T11:27:37+00:00 DEBUG #6409 - GET https://api-m.paypal.com/v1/customer/partners/K8SKZ36LQBWXJ/merchant-integrations/4VTWFBLQVPGEJ
Response Debug ID: dfeaf18bbbfe0
Response: Array
(
    [code] => 200
    [message] => OK
)

2025-09-17T15:10:22+00:00 DEBUG #4821 - [New Request] GET /robots.txt
2025-09-17T15:10:22+00:00 DEBUG #4821 - GET https://api-m.paypal.com/v1/customer/partners/K8SKZ36LQBWXJ/merchant-integrations/4VTWFBLQVPGEJ
Response Debug ID: 9b853780a63da
Response: Array
(
    [code] => 200
    [message] => OK
)

2025-09-17T18:35:18+00:00 DEBUG #6012 - [New Request] GET /
2025-09-17T18:35:18+00:00 DEBUG #6012 - GET https://api-m.paypal.com/v1/customer/partners/K8SKZ36LQBWXJ/merchant-integrations/4VTWFBLQVPGEJ
Response Debug ID: 17779f6bfb421
Response: Array
(
    [code] => 200
    [message] => OK
)

2025-09-17T21:38:31+00:00 DEBUG #1011 - [New Request] GET /product/black-and-white/
2025-09-17T21:38:31+00:00 DEBUG #1011 - POST https://api-m.paypal.com/v1/oauth2/token?grant_type=client_credentials
Response Debug ID: b1f8f1fed9be5
Response: Array
(
    [code] => 200
    [message] => OK
)

2025-09-17T21:38:32+00:00 DEBUG #1011 - GET https://api-m.paypal.com/v1/customer/partners/K8SKZ36LQBWXJ/merchant-integrations/4VTWFBLQVPGEJ
Response Debug ID: 260a45b146476
Response: Array
(
    [code] => 200
    [message] => OK
)

