2025-09-21T00:46:01+00:00 DEBUG #2458 - [New Request] GET /wp-json/oembed/1.0/embed
2025-09-21T00:46:01+00:00 DEBUG #2458 - GET https://api-m.paypal.com/v1/customer/partners/K8SKZ36LQBWXJ/merchant-integrations/4VTWFBLQVPGEJ
Response Debug ID: 093798f833aad
Response: Array
(
    [code] => 200
    [message] => OK
)

2025-09-21T04:43:55+00:00 DEBUG #6185 - [New Request] GET /robots.txt
2025-09-21T04:43:55+00:00 DEBUG #6185 - GET https://api-m.paypal.com/v1/customer/partners/K8SKZ36LQBWXJ/merchant-integrations/4VTWFBLQVPGEJ
Response Debug ID: a5afbb00de025
Response: Array
(
    [code] => 200
    [message] => OK
)

2025-09-21T07:04:24+00:00 DEBUG #1357 - [New Request] GET /wp-json/wp/v2/pages/2
2025-09-21T07:04:24+00:00 DEBUG #1357 - GET https://api-m.paypal.com/v1/customer/partners/K8SKZ36LQBWXJ/merchant-integrations/4VTWFBLQVPGEJ
Response Debug ID: fae6e4202f78f
Response: Array
(
    [code] => 200
    [message] => OK
)

2025-09-21T07:56:10+00:00 DEBUG #6897 - [New Request] GET /robots.txt
2025-09-21T07:56:10+00:00 DEBUG #6897 - GET https://api-m.paypal.com/v1/customer/partners/K8SKZ36LQBWXJ/merchant-integrations/4VTWFBLQVPGEJ
Response Debug ID: a434a9856c096
Response: Array
(
    [code] => 200
    [message] => OK
)

2025-09-21T11:30:59+00:00 DEBUG #7298 - [New Request] GET /extractes_wordprees/filemanger/index.php
2025-09-21T11:30:59+00:00 DEBUG #7298 - POST https://api-m.paypal.com/v1/oauth2/token?grant_type=client_credentials
Response Debug ID: 3bbfa978697a6
Response: Array
(
    [code] => 200
    [message] => OK
)

2025-09-21T11:31:00+00:00 DEBUG #7298 - GET https://api-m.paypal.com/v1/customer/partners/K8SKZ36LQBWXJ/merchant-integrations/4VTWFBLQVPGEJ
Response Debug ID: 69aa268090924
Response: Array
(
    [code] => 200
    [message] => OK
)

2025-09-21T12:18:34+00:00 DEBUG #4818 - [New Request] GET /
2025-09-21T12:18:34+00:00 DEBUG #4818 - GET https://api-m.paypal.com/v1/customer/partners/K8SKZ36LQBWXJ/merchant-integrations/4VTWFBLQVPGEJ
Response Debug ID: 5313231488f19
Response: Array
(
    [code] => 200
    [message] => OK
)

2025-09-21T15:46:33+00:00 DEBUG #2648 - [New Request] GET /robots.txt
2025-09-21T15:46:33+00:00 DEBUG #2648 - GET https://api-m.paypal.com/v1/customer/partners/K8SKZ36LQBWXJ/merchant-integrations/4VTWFBLQVPGEJ
Response Debug ID: 65634d30061e0
Response: Array
(
    [code] => 200
    [message] => OK
)

2025-09-21T18:34:54+00:00 DEBUG #7571 - [New Request] GET /wp-json/wp/v2/product_cat/15
2025-09-21T18:34:54+00:00 DEBUG #7571 - GET https://api-m.paypal.com/v1/customer/partners/K8SKZ36LQBWXJ/merchant-integrations/4VTWFBLQVPGEJ
Response Debug ID: e2de1640724ec
Response: Array
(
    [code] => 200
    [message] => OK
)

2025-09-21T18:55:30+00:00 DEBUG #4265 - [New Request] GET /product/black-and-white/
2025-09-21T18:55:30+00:00 DEBUG #4265 - GET https://api-m.paypal.com/v1/customer/partners/K8SKZ36LQBWXJ/merchant-integrations/4VTWFBLQVPGEJ
Response Debug ID: 5ef2e41e2beaa
Response: Array
(
    [code] => 200
    [message] => OK
)

2025-09-21T23:36:53+00:00 DEBUG #6897 - [New Request] GET /
2025-09-21T23:36:53+00:00 DEBUG #6897 - POST https://api-m.paypal.com/v1/oauth2/token?grant_type=client_credentials
Response Debug ID: c02560de9cfe0
Response: Array
(
    [code] => 200
    [message] => OK
)

2025-09-21T23:36:53+00:00 DEBUG #6897 - GET https://api-m.paypal.com/v1/customer/partners/K8SKZ36LQBWXJ/merchant-integrations/4VTWFBLQVPGEJ
Response Debug ID: d71e0ff86e67b
Response: Array
(
    [code] => 200
    [message] => OK
)

