2025-09-19T01:42:44+00:00 DEBUG #3642 - [New Request] POST /wp-json/sure-triggers/v1/automation/action
2025-09-19T01:42:44+00:00 DEBUG #3642 - GET https://api-m.paypal.com/v1/customer/partners/K8SKZ36LQBWXJ/merchant-integrations/4VTWFBLQVPGEJ
Response Debug ID: 3fbf0ea18d529
Response: Array
(
    [code] => 200
    [message] => OK
)

2025-09-19T03:05:20+00:00 DEBUG #4256 - [New Request] GET /
2025-09-19T03:05:20+00:00 DEBUG #4256 - GET https://api-m.paypal.com/v1/customer/partners/K8SKZ36LQBWXJ/merchant-integrations/4VTWFBLQVPGEJ
Response Debug ID: 67ab4cc8d3ac0
Response: Array
(
    [code] => 200
    [message] => OK
)

2025-09-19T06:13:11+00:00 DEBUG #6807 - [New Request] GET /wp-login.php
2025-09-19T06:13:11+00:00 DEBUG #6807 - POST https://api-m.paypal.com/v1/oauth2/token?grant_type=client_credentials
Response Debug ID: 79ace242e6ddb
Response: Array
(
    [code] => 200
    [message] => OK
)

2025-09-19T06:13:12+00:00 DEBUG #6807 - GET https://api-m.paypal.com/v1/customer/partners/K8SKZ36LQBWXJ/merchant-integrations/4VTWFBLQVPGEJ
Response Debug ID: c6e33b6338acc
Response: Array
(
    [code] => 200
    [message] => OK
)

2025-09-19T06:13:20+00:00 DEBUG #4588 - [New Request] GET /
2025-09-19T06:13:20+00:00 DEBUG #4588 - GET https://api-m.paypal.com/v1/customer/partners/K8SKZ36LQBWXJ/merchant-integrations/4VTWFBLQVPGEJ
Response Debug ID: fed12abb786bc
Response: Array
(
    [code] => 200
    [message] => OK
)

2025-09-19T10:07:39+00:00 DEBUG #7385 - [New Request] GET /robots.txt
2025-09-19T10:07:39+00:00 DEBUG #7385 - GET https://api-m.paypal.com/v1/customer/partners/K8SKZ36LQBWXJ/merchant-integrations/4VTWFBLQVPGEJ
Response Debug ID: 8a12dc51e35f3
Response: Array
(
    [code] => 200
    [message] => OK
)

2025-09-19T11:53:51+00:00 DEBUG #2850 - [New Request] GET /wp-json/wp/v2/product/22
2025-09-19T11:53:51+00:00 DEBUG #2850 - GET https://api-m.paypal.com/v1/customer/partners/K8SKZ36LQBWXJ/merchant-integrations/4VTWFBLQVPGEJ
Response Debug ID: decd554a113d5
Response: Array
(
    [code] => 200
    [message] => OK
)

2025-09-19T13:14:00+00:00 DEBUG #9876 - [New Request] GET /robots.txt
2025-09-19T13:14:00+00:00 DEBUG #9876 - GET https://api-m.paypal.com/v1/customer/partners/K8SKZ36LQBWXJ/merchant-integrations/4VTWFBLQVPGEJ
Response Debug ID: a0cb617826d50
Response: Array
(
    [code] => 200
    [message] => OK
)

2025-09-19T16:41:50+00:00 DEBUG #9719 - [New Request] GET /
2025-09-19T16:41:50+00:00 DEBUG #9719 - POST https://api-m.paypal.com/v1/oauth2/token?grant_type=client_credentials
Response Debug ID: 3cfa0975a9a81
Response: Array
(
    [code] => 200
    [message] => OK
)

2025-09-19T16:41:50+00:00 DEBUG #9719 - GET https://api-m.paypal.com/v1/customer/partners/K8SKZ36LQBWXJ/merchant-integrations/4VTWFBLQVPGEJ
Response Debug ID: 1c8bb0c66d1a9
Response: Array
(
    [code] => 200
    [message] => OK
)

2025-09-19T19:50:50+00:00 DEBUG #2924 - [New Request] GET /robots.txt
2025-09-19T19:50:51+00:00 DEBUG #2924 - GET https://api-m.paypal.com/v1/customer/partners/K8SKZ36LQBWXJ/merchant-integrations/4VTWFBLQVPGEJ
Response Debug ID: 44909f19d910a
Response: Array
(
    [code] => 200
    [message] => OK
)

2025-09-19T20:06:15+00:00 DEBUG #1544 - [New Request] GET /
2025-09-19T20:06:15+00:00 DEBUG #1544 - GET https://api-m.paypal.com/v1/customer/partners/K8SKZ36LQBWXJ/merchant-integrations/4VTWFBLQVPGEJ
Response Debug ID: 4d9caad422d9a
Response: Array
(
    [code] => 200
    [message] => OK
)

2025-09-19T21:14:15+00:00 DEBUG #3900 - [New Request] GET /
2025-09-19T21:14:15+00:00 DEBUG #3900 - GET https://api-m.paypal.com/v1/customer/partners/K8SKZ36LQBWXJ/merchant-integrations/4VTWFBLQVPGEJ
Response Debug ID: 3a1f9b1a6fdad
Response: Array
(
    [code] => 200
    [message] => OK
)

2025-09-19T23:24:00+00:00 DEBUG #7345 - [New Request] GET /
2025-09-19T23:24:00+00:00 DEBUG #7345 - GET https://api-m.paypal.com/v1/customer/partners/K8SKZ36LQBWXJ/merchant-integrations/4VTWFBLQVPGEJ
Response Debug ID: a815a92236d40
Response: Array
(
    [code] => 200
    [message] => OK
)

